<?xml version="1.0" encoding="UTF-8"?>
<!-- Generated by org.testng.reporters.JUnitReportReporter -->
<testsuite skipped="0" hostname="WIN-M4ALLFSO9QO" name="projekat4.RegistracijaNeuspesnaKontakt" tests="2" failures="0" timestamp="15 Dec 2022 11:39:10 GMT" time="20.750" errors="0">
  <testcase name="RegistracijaNeuspesnaKontaktChrome" time="9.273" classname="projekat4.RegistracijaNeuspesnaKontakt"/>
  <testcase name="RegistracijaNeuspesnaKontaktFirefox" time="11.477" classname="projekat4.RegistracijaNeuspesnaKontakt"/>
</testsuite> <!-- projekat4.RegistracijaNeuspesnaKontakt -->
