<?xml version="1.0" encoding="UTF-8"?>
<!-- Generated by org.testng.reporters.JUnitReportReporter -->
<testsuite skipped="0" hostname="WIN-M4ALLFSO9QO" name="projekat4.RegistracijaUspesna" tests="2" failures="0" timestamp="19 Dec 2022 18:33:43 GMT" time="27.459" errors="0">
  <testcase name="RegistracijaUspesnaFirefox" time="14.335" classname="projekat4.RegistracijaUspesna"/>
  <testcase name="RegistracijaUspesnaChrome" time="13.124" classname="projekat4.RegistracijaUspesna"/>
</testsuite> <!-- projekat4.RegistracijaUspesna -->
