<?xml version="1.0" encoding="UTF-8"?>
<!-- Generated by org.testng.reporters.JUnitReportReporter -->
<testsuite skipped="0" hostname="WIN-M4ALLFSO9QO" name="projekat4.RegistracijaNeuspesnaIme" tests="2" failures="0" timestamp="15 Dec 2022 11:42:45 GMT" time="21.287" errors="0">
  <testcase name="RegistracijaNeuspesnaImeChrome" time="9.337" classname="projekat4.RegistracijaNeuspesnaIme"/>
  <testcase name="RegistracijaNeuspesnaImeFirefox" time="11.950" classname="projekat4.RegistracijaNeuspesnaIme"/>
</testsuite> <!-- projekat4.RegistracijaNeuspesnaIme -->
