<?xml version="1.0" encoding="UTF-8"?>
<!-- Generated by org.testng.reporters.JUnitReportReporter -->
<testsuite skipped="0" hostname="WIN-M4ALLFSO9QO" name="projekat4.PromeniLozinkuNeuspesnoPogresno" tests="1" failures="0" timestamp="13 Dec 2022 11:12:09 GMT" time="0.015" errors="0">
  <testcase name="PromeniLozinkuNeuspesnoPogresnoChrome" time="0.015" classname="projekat4.PromeniLozinkuNeuspesnoPogresno"/>
</testsuite> <!-- projekat4.PromeniLozinkuNeuspesnoPogresno -->
