<?xml version="1.0" encoding="UTF-8"?>
<!-- Generated by org.testng.reporters.JUnitReportReporter -->
<testsuite skipped="0" hostname="WIN-M4ALLFSO9QO" name="projekat4.LoginNeuspesan" tests="2" failures="0" timestamp="19 Dec 2022 18:36:09 GMT" time="21.194" errors="0">
  <testcase name="LoginNeuspesanFirefox" time="12.485" classname="projekat4.LoginNeuspesan"/>
  <testcase name="LoginNeuspesanChrome" time="8.709" classname="projekat4.LoginNeuspesan"/>
</testsuite> <!-- projekat4.LoginNeuspesan -->
