<?xml version="1.0" encoding="UTF-8"?>
<!-- Generated by org.testng.reporters.JUnitReportReporter -->
<testsuite skipped="0" hostname="WIN-M4ALLFSO9QO" name="projekat4.PromeniLozinkuUspesno" tests="2" failures="0" timestamp="19 Dec 2022 18:36:39 GMT" time="10.602" errors="0">
  <testcase name="PromeniLozinkuUspesnoFirefox" time="0.455" classname="projekat4.PromeniLozinkuUspesno"/>
  <testcase name="PromeniLozinkuUspesnoChrome" time="10.147" classname="projekat4.PromeniLozinkuUspesno"/>
</testsuite> <!-- projekat4.PromeniLozinkuUspesno -->
