<?xml version="1.0" encoding="UTF-8"?>
<!-- Generated by org.testng.reporters.JUnitReportReporter -->
<testsuite skipped="0" hostname="WIN-M4ALLFSO9QO" name="projekat4.PromeniLozinkuNeuspesnoNeslaganje" tests="2" failures="0" timestamp="15 Dec 2022 11:31:10 GMT" time="20.329" errors="0">
  <testcase name="PromeniLozinkuNeuspesnoNeslaganjeFirefox" time="12.659" classname="projekat4.PromeniLozinkuNeuspesnoNeslaganje"/>
  <testcase name="PromeniLozinkuNeuspesnoNeslaganjeChrome" time="7.670" classname="projekat4.PromeniLozinkuNeuspesnoNeslaganje"/>
</testsuite> <!-- projekat4.PromeniLozinkuNeuspesnoNeslaganje -->
