<?xml version="1.0" encoding="UTF-8"?>
<!-- Generated by org.testng.reporters.JUnitReportReporter -->
<testsuite skipped="0" hostname="WIN-M4ALLFSO9QO" name="projekat4.RegistracijaNeuspesnaUsername" tests="2" failures="0" timestamp="19 Dec 2022 18:34:37 GMT" time="35.292" errors="0">
  <testcase name="RegistracijaNeuspesnaUsernameFirefox" time="17.015" classname="projekat4.RegistracijaNeuspesnaUsername"/>
  <testcase name="RegistracijaNeuspesnaUsernameChrome" time="18.277" classname="projekat4.RegistracijaNeuspesnaUsername"/>
</testsuite> <!-- projekat4.RegistracijaNeuspesnaUsername -->
