<?xml version="1.0" encoding="UTF-8"?>
<!-- Generated by org.testng.reporters.JUnitReportReporter -->
<testsuite skipped="0" hostname="WIN-M4ALLFSO9QO" name="projekat4.IzmeniAnketuUbaciPitanjeUspesno" tests="2" failures="0" timestamp="19 Dec 2022 18:38:45 GMT" time="23.675" errors="0">
  <testcase name="IzmeniAnketuUbaciPitanjeUspesnoFirefox" time="13.307" classname="projekat4.IzmeniAnketuUbaciPitanjeUspesno"/>
  <testcase name="IzmeniAnketuUbaciPitanjeUspesnoChrome" time="10.368" classname="projekat4.IzmeniAnketuUbaciPitanjeUspesno"/>
</testsuite> <!-- projekat4.IzmeniAnketuUbaciPitanjeUspesno -->
