<?xml version="1.0" encoding="UTF-8"?>
<!-- Generated by org.testng.reporters.JUnitReportReporter -->
<testsuite skipped="0" hostname="WIN-M4ALLFSO9QO" name="projekat4.RegistracijaNeuspesnaPrezime" tests="2" failures="0" timestamp="15 Dec 2022 11:37:35 GMT" time="20.538" errors="0">
  <testcase name="RegistracijaNeuspesnaPrezimeFirefox" time="11.224" classname="projekat4.RegistracijaNeuspesnaPrezime"/>
  <testcase name="RegistracijaNeuspesnaPrezimeChrome" time="9.314" classname="projekat4.RegistracijaNeuspesnaPrezime"/>
</testsuite> <!-- projekat4.RegistracijaNeuspesnaPrezime -->
