<?xml version="1.0" encoding="UTF-8"?>
<!-- Generated by org.testng.reporters.JUnitReportReporter -->
<testsuite skipped="0" hostname="WIN-M4ALLFSO9QO" name="projekat4.AzurirajKorisnikaUspesno" tests="1" failures="0" timestamp="15 Dec 2022 11:53:17 GMT" time="9.225" errors="0">
  <testcase name="AzurirajKorisnikaUspesnoChrome" time="9.225" classname="projekat4.AzurirajKorisnikaUspesno"/>
</testsuite> <!-- projekat4.AzurirajKorisnikaUspesno -->
