<?xml version="1.0" encoding="UTF-8"?>
<!-- Generated by org.testng.reporters.JUnitReportReporter -->
<testsuite skipped="0" hostname="WIN-M4ALLFSO9QO" name="projekat4.RegistracijaNeuspesnaJMBG" tests="2" failures="0" timestamp="15 Dec 2022 11:40:51 GMT" time="21.161" errors="0">
  <testcase name="RegistracijaNeuspesnaJMBGFirefox" time="11.810" classname="projekat4.RegistracijaNeuspesnaJMBG"/>
  <testcase name="RegistracijaNeuspesnaJMBGChrome" time="9.351" classname="projekat4.RegistracijaNeuspesnaJMBG"/>
</testsuite> <!-- projekat4.RegistracijaNeuspesnaJMBG -->
