<?xml version="1.0" encoding="UTF-8"?>
<!-- Generated by org.testng.reporters.JUnitReportReporter -->
<testsuite skipped="0" hostname="WIN-M4ALLFSO9QO" name="projekat4.LoginUspesan" tests="2" failures="0" timestamp="18 Dec 2022 19:10:05 GMT" time="19.737" errors="0">
  <testcase name="LoginUspesanChrome" time="7.864" classname="projekat4.LoginUspesan"/>
  <testcase name="LoginUspesanFirefox" time="11.873" classname="projekat4.LoginUspesan"/>
</testsuite> <!-- projekat4.LoginUspesan -->
