<?xml version="1.0" encoding="UTF-8"?>
<!-- Generated by org.testng.reporters.JUnitReportReporter -->
<testsuite skipped="0" hostname="WIN-M4ALLFSO9QO" name="projekat4.LoginUspesan" tests="2" failures="0" timestamp="19 Dec 2022 18:35:35 GMT" time="21.126" errors="0">
  <testcase name="LoginUspesanFirefox" time="12.267" classname="projekat4.LoginUspesan"/>
  <testcase name="LoginUspesanChrome" time="8.859" classname="projekat4.LoginUspesan"/>
</testsuite> <!-- projekat4.LoginUspesan -->
